RedGreen/app/build/outputs/logs/manifest-merger-debug-report.txt
-- Merging decision tree log ---
manifest
ADDED from src\main\AndroidManifest.xml:2:1-266:12
	package
		ADDED from src\main\AndroidManifest.xml:4:5-38
		INJECTED from src\main\AndroidManifest.xml
		INJECTED from src\main\AndroidManifest.xml
	android:versionName
		ADDED from src\main\AndroidManifest.xml:8:5-34
		INJECTED from src\main\AndroidManifest.xml
		INJECTED from src\main\AndroidManifest.xml
	xmlns:tools
		ADDED from src\main\AndroidManifest.xml:3:5-51
	android:permission
		ADDED from src\main\AndroidManifest.xml:6:5-67
	android:versionCode
		ADDED from src\main\AndroidManifest.xml:7:5-29
		INJECTED from src\main\AndroidManifest.xml
		INJECTED from src\main\AndroidManifest.xml
	xmlns:android
		ADDED from src\main\AndroidManifest.xml:2:11-69
	android:installLocation
		ADDED from src\main\AndroidManifest.xml:5:5-35
uses-sdk
ADDED from src\main\AndroidManifest.xml:10:5-12:41
MERGED from [com.android.support:support-v4:23.2.1] AndroidManifest.xml:20:5-43
MERGED from [com.android.support:appcompat-v7:22.2.1] AndroidManifest.xml:20:5-43
MERGED from [com.android.support:support-v4:23.2.1] AndroidManifest.xml:20:5-43
MERGED from [eu.chainfire:libsuperuser:1.0.0.201602271131] AndroidManifest.xml:7:5-9:41
MERGED from [com.facebook.android:facebook-android-sdk:4.11.0] AndroidManifest.xml:24:5-26:41
MERGED from [com.android.support:support-v4:23.2.1] AndroidManifest.xml:20:5-43
MERGED from [com.android.support:cardview-v7:23.2.0] AndroidManifest.xml:20:5-43
MERGED from [com.android.support:customtabs:23.2.1] AndroidManifest.xml:20:5-44
MERGED from [com.android.support:support-v4:23.2.1] AndroidManifest.xml:20:5-43
MERGED from [com.android.support:cardview-v7:23.2.0] AndroidManifest.xml:20:5-43
	android:targetSdkVersion
		ADDED from src\main\AndroidManifest.xml:12:9-38
		INJECTED from src\main\AndroidManifest.xml
		INJECTED from src\main\AndroidManifest.xml
	android:minSdkVersion
		ADDED from src\main\AndroidManifest.xml:11:9-35
		INJECTED from src\main\AndroidManifest.xml
		INJECTED from src\main\AndroidManifest.xml
uses-amzn-sdk
ADDED from src\main\AndroidManifest.xml:13:5-48
	android:minSdkVersion
		ADDED from src\main\AndroidManifest.xml:13:20-45
uses-feature#android.hardware.telephony
ADDED from src\main\AndroidManifest.xml:15:5-17:36
	android:required
		ADDED from src\main\AndroidManifest.xml:17:9-33
	android:name
		ADDED from src\main\AndroidManifest.xml:16:9-50
uses-feature#android.hardware.usb.accessory
ADDED from src\main\AndroidManifest.xml:18:5-20:36
	android:required
		ADDED from src\main\AndroidManifest.xml:20:9-33
	android:name
		ADDED from src\main\AndroidManifest.xml:19:9-54
uses-feature#android.hardware.usb.host
ADDED from src\main\AndroidManifest.xml:21:5-23:36
	android:required
		ADDED from src\main\AndroidManifest.xml:23:9-33
	android:name
		ADDED from src\main\AndroidManifest.xml:22:9-49
uses-feature#android.hardware.location
ADDED from src\main\AndroidManifest.xml:24:5-26:36
	android:required
		ADDED from src\main\AndroidManifest.xml:26:9-33
	android:name
		ADDED from src\main\AndroidManifest.xml:25:9-49
uses-feature#android.hardware.wifi
ADDED from src\main\AndroidManifest.xml:27:5-29:36
	android:required
		ADDED from src\main\AndroidManifest.xml:29:9-33
	android:name
		ADDED from src\main\AndroidManifest.xml:28:9-45
uses-permission#android.permission.PACKAGE_USAGE_STATS
ADDED from src\main\AndroidManifest.xml:30:5-78
	android:name
		ADDED from src\main\AndroidManifest.xml:30:22-75
uses-permission#android.permission.GET_ACCOUNTS
ADDED from src\main\AndroidManifest.xml:31:5-71
	android:name
		ADDED from src\main\AndroidManifest.xml:31:22-68
uses-permission#android.permission.WAKE_LOCK
ADDED from src\main\AndroidManifest.xml:32:5-68
	android:name
		ADDED from src\main\AndroidManifest.xml:32:22-65
uses-permission#android.permission.READ_PHONE_STATE
ADDED from src\main\AndroidManifest.xml:33:5-75
	android:name
		ADDED from src\main\AndroidManifest.xml:33:22-72
uses-permission#android.permission.RESTART_PACKAGES
ADDED from src\main\AndroidManifest.xml:34:5-75
	android:name
		ADDED from src\main\AndroidManifest.xml:34:22-72
uses-permission#android.permission.KILL_BACKGROUND_PROCESSES
ADDED from src\main\AndroidManifest.xml:35:5-84
	android:name
		ADDED from src\main\AndroidManifest.xml:35:22-81
uses-permission#android.permission.BLUETOOTH
ADDED from src\main\AndroidManifest.xml:36:5-68
	android:name
		ADDED from src\main\AndroidManifest.xml:36:22-65
uses-permission#android.permission.BLUETOOTH_ADMIN
ADDED from src\main\AndroidManifest.xml:37:5-74
	android:name
		ADDED from src\main\AndroidManifest.xml:37:22-71
uses-permission#android.permission.GET_TASKS
ADDED from src\main\AndroidManifest.xml:38:5-68
	android:name
		ADDED from src\main\AndroidManifest.xml:38:22-65
uses-permission#android.permission.RECEIVE_BOOT_COMPLETED
ADDED from src\main\AndroidManifest.xml:39:5-81
	android:name
		ADDED from src\main\AndroidManifest.xml:39:22-78
uses-permission#android.permission.ACCESS_NETWORK_STATE
ADDED from src\main\AndroidManifest.xml:40:5-79
	android:name
		ADDED from src\main\AndroidManifest.xml:40:22-76
uses-permission#android.permission.INTERNET
ADDED from src\main\AndroidManifest.xml:41:5-67
	android:name
		ADDED from src\main\AndroidManifest.xml:41:22-64
uses-permission#android.permission.ACCESS_WIFI_STATE
ADDED from src\main\AndroidManifest.xml:42:5-76
	android:name
		ADDED from src\main\AndroidManifest.xml:42:22-73
uses-permission#android.permission.READ_EXTERNAL_STORAGE
ADDED from src\main\AndroidManifest.xml:43:5-80
	android:name
		ADDED from src\main\AndroidManifest.xml:43:22-77
uses-permission#android.permission.MANAGE_DOCUMENTS
ADDED from src\main\AndroidManifest.xml:44:5-75
	android:name
		ADDED from src\main\AndroidManifest.xml:44:22-72
uses-permission#android.permission.SYSTEM_ALERT_WINDOW
ADDED from src\main\AndroidManifest.xml:45:5-78
	android:name
		ADDED from src\main\AndroidManifest.xml:45:22-75
uses-permission#android.permission.GET_PACKAGE_SIZE
ADDED from src\main\AndroidManifest.xml:46:5-75
	android:name
		ADDED from src\main\AndroidManifest.xml:46:22-72
uses-permission#android.permission.CLEAR_APP_CACHE
ADDED from src\main\AndroidManifest.xml:47:5-74
	android:name
		ADDED from src\main\AndroidManifest.xml:47:22-71
uses-permission#com.android.browser.permission.READ_HISTORY_BOOKMARKS
ADDED from src\main\AndroidManifest.xml:48:5-93
	android:name
		ADDED from src\main\AndroidManifest.xml:48:22-90
uses-permission#com.android.browser.permission.WRITE_HISTORY_BOOKMARKS
ADDED from src\main\AndroidManifest.xml:49:5-94
	android:name
		ADDED from src\main\AndroidManifest.xml:49:22-91
uses-permission#android.permission.READ_CONTACTS
ADDED from src\main\AndroidManifest.xml:50:5-72
	android:name
		ADDED from src\main\AndroidManifest.xml:50:22-69
uses-permission#android.permission.SEND_SMS
ADDED from src\main\AndroidManifest.xml:51:5-67
	android:name
		ADDED from src\main\AndroidManifest.xml:51:22-64
uses-permission#android.permission.WRITE_EXTERNAL_STORAGE
ADDED from src\main\AndroidManifest.xml:52:5-81
	android:name
		ADDED from src\main\AndroidManifest.xml:52:22-78
uses-permission#android.permission.WRITE_SETTINGS
ADDED from src\main\AndroidManifest.xml:53:5-73
	android:name
		ADDED from src\main\AndroidManifest.xml:53:22-70
uses-permission#android.permission.ACCESS_FINE_LOCATION
ADDED from src\main\AndroidManifest.xml:54:5-79
	android:name
		ADDED from src\main\AndroidManifest.xml:54:22-76
permission#com.unfoldlabs.redgreen.permission.C2D_MESSAGE
ADDED from src\main\AndroidManifest.xml:57:5-59:47
	android:protectionLevel
		ADDED from src\main\AndroidManifest.xml:59:9-44
	android:name
		ADDED from src\main\AndroidManifest.xml:58:9-70
uses-permission#com.unfoldlabs.redgreen.permission.C2D_MESSAGE
ADDED from src\main\AndroidManifest.xml:61:5-86
	android:name
		ADDED from src\main\AndroidManifest.xml:61:22-83
uses-permission#com.google.android.c2dm.permission.RECEIVE
ADDED from src\main\AndroidManifest.xml:62:5-82
	android:name
		ADDED from src\main\AndroidManifest.xml:62:22-79
supports-screens
ADDED from src\main\AndroidManifest.xml:64:5-70:40
	android:largeScreens
		ADDED from src\main\AndroidManifest.xml:66:9-36
	android:smallScreens
		ADDED from src\main\AndroidManifest.xml:69:9-36
	android:normalScreens
		ADDED from src\main\AndroidManifest.xml:67:9-37
	android:xlargeScreens
		ADDED from src\main\AndroidManifest.xml:70:9-37
	android:resizeable
		ADDED from src\main\AndroidManifest.xml:68:9-34
	android:anyDensity
		ADDED from src\main\AndroidManifest.xml:65:9-34
application
ADDED from src\main\AndroidManifest.xml:72:5-264:19
MERGED from [com.android.support:support-v4:23.2.1] AndroidManifest.xml:22:5-20
MERGED from [com.android.support:appcompat-v7:22.2.1] AndroidManifest.xml:22:5-20
MERGED from [com.android.support:support-v4:23.2.1] AndroidManifest.xml:22:5-20
MERGED from [com.facebook.android:facebook-android-sdk:4.11.0] AndroidManifest.xml:28:5-20
MERGED from [com.android.support:support-v4:23.2.1] AndroidManifest.xml:22:5-20
MERGED from [com.android.support:cardview-v7:23.2.0] AndroidManifest.xml:22:5-20
MERGED from [com.android.support:customtabs:23.2.1] AndroidManifest.xml:22:5-20
MERGED from [com.android.support:support-v4:23.2.1] AndroidManifest.xml:22:5-20
MERGED from [com.android.support:cardview-v7:23.2.0] AndroidManifest.xml:22:5-20
	android:label
		ADDED from src\main\AndroidManifest.xml:76:9-41
	android:supportsRtl
		ADDED from src\main\AndroidManifest.xml:78:9-35
	android:allowBackup
		ADDED from src\main\AndroidManifest.xml:74:9-35
	android:icon
		ADDED from src\main\AndroidManifest.xml:75:9-42
	android:largeHeap
		ADDED from src\main\AndroidManifest.xml:77:9-33
	android:theme
		ADDED from src\main\AndroidManifest.xml:79:9-52
meta-data#com.facebook.sdk.ApplicationId
ADDED from src\main\AndroidManifest.xml:81:9-107
	android:value
		ADDED from src\main\AndroidManifest.xml:81:66-105
	android:name
		ADDED from src\main\AndroidManifest.xml:81:20-65
activity#com.unfoldlabs.redgreen.applock.ui.MainActivity
ADDED from src\main\AndroidManifest.xml:83:9-95:20
	android:screenOrientation
		ADDED from src\main\AndroidManifest.xml:89:13-49
	android:label
		ADDED from src\main\AndroidManifest.xml:87:13-49
	android:launchMode
		ADDED from src\main\AndroidManifest.xml:88:13-43
	android:configChanges
		ADDED from src\main\AndroidManifest.xml:85:13-74
	android:icon
		ADDED from src\main\AndroidManifest.xml:86:13-49
	android:theme
		ADDED from src\main\AndroidManifest.xml:90:13-56
	android:name
		ADDED from src\main\AndroidManifest.xml:84:13-52
intent-filter#android.intent.action.MAIN+android.intent.action.SEARCH
ADDED from src\main\AndroidManifest.xml:91:13-94:29
action#android.intent.action.MAIN
ADDED from src\main\AndroidManifest.xml:92:17-69
	android:name
		ADDED from src\main\AndroidManifest.xml:92:25-66
action#android.intent.action.SEARCH
ADDED from src\main\AndroidManifest.xml:93:17-71
	android:name
		ADDED from src\main\AndroidManifest.xml:93:25-68
activity#com.unfoldlabs.redgreen.applock.ui.SetEmailActivity
ADDED from src\main\AndroidManifest.xml:96:9-105:20
	android:screenOrientation
		ADDED from src\main\AndroidManifest.xml:103:13-49
	android:label
		ADDED from src\main\AndroidManifest.xml:100:13-49
	android:launchMode
		ADDED from src\main\AndroidManifest.xml:101:13-43
	android:noHistory
		ADDED from src\main\AndroidManifest.xml:102:13-37
	android:configChanges
		ADDED from src\main\AndroidManifest.xml:98:13-74
	android:icon
		ADDED from src\main\AndroidManifest.xml:99:13-49
	android:theme
		ADDED from src\main\AndroidManifest.xml:104:13-56
	android:name
		ADDED from src\main\AndroidManifest.xml:97:13-56
activity#com.unfoldlabs.redgreen.background.CleanAppBackground
ADDED from src\main\AndroidManifest.xml:106:9-115:20
	android:screenOrientation
		ADDED from src\main\AndroidManifest.xml:108:13-49
	android:theme
		ADDED from src\main\AndroidManifest.xml:109:13-70
	android:name
		ADDED from src\main\AndroidManifest.xml:107:13-58
intent-filter#android.intent.category.DEFAULT+com.unfoldlabs.redgreen.MESSAGE
ADDED from src\main\AndroidManifest.xml:110:13-114:29
action#com.unfoldlabs.redgreen.MESSAGE
ADDED from src\main\AndroidManifest.xml:111:17-74
	android:name
		ADDED from src\main\AndroidManifest.xml:111:25-71
category#android.intent.category.DEFAULT
ADDED from src\main\AndroidManifest.xml:113:17-76
	android:name
		ADDED from src\main\AndroidManifest.xml:113:27-73
activity#com.unfoldlabs.redgreen.applock.ui.SetApplockPin
ADDED from src\main\AndroidManifest.xml:118:9-122:20
	android:screenOrientation
		ADDED from src\main\AndroidManifest.xml:120:13-49
	android:windowSoftInputMode
		ADDED from src\main\AndroidManifest.xml:121:13-54
	android:name
		ADDED from src\main\AndroidManifest.xml:119:13-53
activity#com.unfoldlabs.redgreen.applock.lock.ShowApplockViewOtherApps
ADDED from src\main\AndroidManifest.xml:123:9-129:20
	android:screenOrientation
		ADDED from src\main\AndroidManifest.xml:127:13-49
	android:excludeFromRecents
		ADDED from src\main\AndroidManifest.xml:125:13-46
	android:windowSoftInputMode
		ADDED from src\main\AndroidManifest.xml:126:13-54
	android:taskAffinity
		ADDED from src\main\AndroidManifest.xml:128:13-36
	android:name
		ADDED from src\main\AndroidManifest.xml:124:13-66
activity#com.unfoldlabs.redgreen.activity.SplashScreenActivity
ADDED from src\main\AndroidManifest.xml:131:9-143:20
	android:screenOrientation
		ADDED from src\main\AndroidManifest.xml:136:13-49
	android:label
		ADDED from src\main\AndroidManifest.xml:134:13-45
	android:launchMode
		ADDED from src\main\AndroidManifest.xml:135:13-43
	android:configChanges
		ADDED from src\main\AndroidManifest.xml:133:13-74
	android:theme
		ADDED from src\main\AndroidManifest.xml:137:13-66
	android:name
		ADDED from src\main\AndroidManifest.xml:132:13-58
intent-filter#android.intent.action.MAIN+android.intent.category.LAUNCHER
ADDED from src\main\AndroidManifest.xml:138:13-142:29
category#android.intent.category.LAUNCHER
ADDED from src\main\AndroidManifest.xml:141:17-77
	android:name
		ADDED from src\main\AndroidManifest.xml:141:27-74
activity#com.unfoldlabs.redgreen.activity.CleanerActivity
ADDED from src\main\AndroidManifest.xml:144:9-152:20
	android:screenOrientation
		ADDED from src\main\AndroidManifest.xml:150:13-49
	android:label
		ADDED from src\main\AndroidManifest.xml:148:13-50
	android:launchMode
		ADDED from src\main\AndroidManifest.xml:149:13-43
	android:configChanges
		ADDED from src\main\AndroidManifest.xml:146:13-74
	android:icon
		ADDED from src\main\AndroidManifest.xml:147:13-53
	android:theme
		ADDED from src\main\AndroidManifest.xml:151:13-56
	android:name
		ADDED from src\main\AndroidManifest.xml:145:13-53
activity#com.unfoldlabs.redgreen.activity.AppManagerActivity
ADDED from src\main\AndroidManifest.xml:153:9-161:20
	android:screenOrientation
		ADDED from src\main\AndroidManifest.xml:159:13-49
	android:label
		ADDED from src\main\AndroidManifest.xml:157:13-48
	android:launchMode
		ADDED from src\main\AndroidManifest.xml:158:13-43
	android:configChanges
		ADDED from src\main\AndroidManifest.xml:155:13-74
	android:icon
		ADDED from src\main\AndroidManifest.xml:156:13-53
	android:theme
		ADDED from src\main\AndroidManifest.xml:160:13-56
	android:name
		ADDED from src\main\AndroidManifest.xml:154:13-56
activity#com.unfoldlabs.redgreen.activity.HomeActivity
ADDED from src\main\AndroidManifest.xml:162:9-175:20
	android:screenOrientation
		ADDED from src\main\AndroidManifest.xml:168:13-49
	android:label
		ADDED from src\main\AndroidManifest.xml:166:13-45
	android:launchMode
		ADDED from src\main\AndroidManifest.xml:167:13-43
	android:configChanges
		ADDED from src\main\AndroidManifest.xml:164:13-74
	android:icon
		ADDED from src\main\AndroidManifest.xml:165:13-52
	android:name
		ADDED from src\main\AndroidManifest.xml:163:13-50
intent-filter#android.intent.action.MAIN+android.intent.category.DEFAULT+com.unfoldlabs.redgreen.MESSAGE
ADDED from src\main\AndroidManifest.xml:169:13-174:29
activity#com.unfoldlabs.redgreen.activity.AboutUs
ADDED from src\main\AndroidManifest.xml:176:9-182:20
	android:screenOrientation
		ADDED from src\main\AndroidManifest.xml:181:13-49
	android:label
		ADDED from src\main\AndroidManifest.xml:179:13-45
	android:launchMode
		ADDED from src\main\AndroidManifest.xml:180:13-43
	android:configChanges
		ADDED from src\main\AndroidManifest.xml:178:13-74
	android:name
		ADDED from src\main\AndroidManifest.xml:177:13-45
activity#com.unfoldlabs.redgreen.activity.SaveBatteryActivity
ADDED from src\main\AndroidManifest.xml:184:9-190:20
	android:screenOrientation
		ADDED from src\main\AndroidManifest.xml:189:13-49
	android:label
		ADDED from src\main\AndroidManifest.xml:187:13-49
	android:launchMode
		ADDED from src\main\AndroidManifest.xml:188:13-43
	android:configChanges
		ADDED from src\main\AndroidManifest.xml:186:13-74
	android:name
		ADDED from src\main\AndroidManifest.xml:185:13-57
activity#com.unfoldlabs.redgreen.activity.QuitAppSplashActivity
ADDED from src\main\AndroidManifest.xml:191:9-198:20
	android:screenOrientation
		ADDED from src\main\AndroidManifest.xml:196:13-49
	android:label
		ADDED from src\main\AndroidManifest.xml:194:13-45
	android:launchMode
		ADDED from src\main\AndroidManifest.xml:195:13-43
	android:configChanges
		ADDED from src\main\AndroidManifest.xml:193:13-74
	android:theme
		ADDED from src\main\AndroidManifest.xml:197:13-66
	android:name
		ADDED from src\main\AndroidManifest.xml:192:13-59
service#com.unfoldlabs.redgreen.service.RedGreenService
ADDED from src\main\AndroidManifest.xml:200:9-209:19
	android:screenOrientation
		ADDED from src\main\AndroidManifest.xml:202:13-49
	android:stopWithTask
		ADDED from src\main\AndroidManifest.xml:203:13-41
	android:name
		ADDED from src\main\AndroidManifest.xml:201:13-52
service#com.unfoldlabs.redgreen.gcm.GCMNotificationIntentService
ADDED from src\main\AndroidManifest.xml:210:9-69
	android:name
		ADDED from src\main\AndroidManifest.xml:210:18-66
receiver#com.unfoldlabs.redgreen.applock.reciever.BootCompleteReceiver
ADDED from src\main\AndroidManifest.xml:211:9-217:20
	android:name
		ADDED from src\main\AndroidManifest.xml:211:19-72
intent-filter#android.intent.action.BOOT_COMPLETED+android.intent.category.LAUNCHER
ADDED from src\main\AndroidManifest.xml:212:13-216:29
action#android.intent.action.BOOT_COMPLETED
ADDED from src\main\AndroidManifest.xml:213:17-79
	android:name
		ADDED from src\main\AndroidManifest.xml:213:25-76
receiver#com.unfoldlabs.redgreen.applock.version.Receiver
ADDED from src\main\AndroidManifest.xml:218:9-222:20
	android:name
		ADDED from src\main\AndroidManifest.xml:218:19-59
intent-filter#android.intent.action.BOOT_COMPLETED
ADDED from src\main\AndroidManifest.xml:219:13-221:29
receiver#com.unfoldlabs.redgreen.receiver.ApplockReciever
ADDED from src\main\AndroidManifest.xml:223:9-224:20
	android:name
		ADDED from src\main\AndroidManifest.xml:223:19-82
receiver#com.unfoldlabs.redgreen.gcm.GcmBroadcastReceiver
ADDED from src\main\AndroidManifest.xml:225:9-234:20
	android:permission
		ADDED from src\main\AndroidManifest.xml:227:13-73
	android:name
		ADDED from src\main\AndroidManifest.xml:226:13-53
intent-filter#com.google.android.c2dm.intent.RECEIVE+com.google.android.c2dm.intent.REGISTRATION+com.unfollabs.redgreen.gcm
ADDED from src\main\AndroidManifest.xml:228:13-233:29
action#com.google.android.c2dm.intent.RECEIVE
ADDED from src\main\AndroidManifest.xml:229:17-81
	android:name
		ADDED from src\main\AndroidManifest.xml:229:25-78
action#com.google.android.c2dm.intent.REGISTRATION
ADDED from src\main\AndroidManifest.xml:230:17-86
	android:name
		ADDED from src\main\AndroidManifest.xml:230:25-83
category#com.unfollabs.redgreen.gcm
ADDED from src\main\AndroidManifest.xml:232:17-71
	android:name
		ADDED from src\main\AndroidManifest.xml:232:27-68
receiver#com.unfoldlabs.redgreen.applock.reciever.AppLockAlarmManagerReciever
ADDED from src\main\AndroidManifest.xml:236:9-82
	android:name
		ADDED from src\main\AndroidManifest.xml:236:19-79
receiver#com.unfoldlabs.redgreen.receiver.CleanReciever
ADDED from src\main\AndroidManifest.xml:237:9-239:20
	android:name
		ADDED from src\main\AndroidManifest.xml:238:13-51
receiver#com.unfoldlabs.redgreen.receiver.BootCleanAppReceiver
ADDED from src\main\AndroidManifest.xml:241:9-249:20
	android:enabled
		ADDED from src\main\AndroidManifest.xml:243:13-35
	android:exported
		ADDED from src\main\AndroidManifest.xml:244:13-36
	android:name
		ADDED from src\main\AndroidManifest.xml:242:13-58
receiver#com.unfoldlabs.redgreen.receivers.FridayReceiver
ADDED from src\main\AndroidManifest.xml:250:9-251:20
	android:name
		ADDED from src\main\AndroidManifest.xml:250:19-59
receiver#com.unfoldlabs.redgreen.receivers.MondayReceiver
ADDED from src\main\AndroidManifest.xml:252:9-253:20
	android:name
		ADDED from src\main\AndroidManifest.xml:252:19-59
receiver#com.unfoldlabs.redgreen.receivers.SaturdayReceiver
ADDED from src\main\AndroidManifest.xml:254:9-255:20
	android:name
		ADDED from src\main\AndroidManifest.xml:254:19-61
receiver#com.unfoldlabs.redgreen.receivers.SundayReceiver
ADDED from src\main\AndroidManifest.xml:256:9-257:20
	android:name
		ADDED from src\main\AndroidManifest.xml:256:19-59
receiver#com.unfoldlabs.redgreen.receivers.ThursdayReceiver
ADDED from src\main\AndroidManifest.xml:258:9-259:20
	android:name
		ADDED from src\main\AndroidManifest.xml:258:19-61
receiver#com.unfoldlabs.redgreen.receivers.TuesdayReceiver
ADDED from src\main\AndroidManifest.xml:260:9-261:20
	android:name
		ADDED from src\main\AndroidManifest.xml:260:19-60
receiver#com.unfoldlabs.redgreen.receivers.WednsdayReceiver
ADDED from src\main\AndroidManifest.xml:262:9-263:20
	android:name
		ADDED from src\main\AndroidManifest.xml:262:19-61